<?xml version="1.0" encoding="UTF-8"?>
<!-- Generated by org.testng.reporters.JUnitXMLReporter -->
<testsuite ignored="0" hostname="DESKTOP-7R54CV9" failures="0" tests="3" name="Default test" time="0.12" errors="0" timestamp="2023-07-17T09:06:36 IST">
  <testcase classname="testNg.DtaProvider" name="data" time="0.015"/>
  <testcase classname="testNg.DtaProvider" name="data" time="0.008"/>
  <testcase classname="testNg.DtaProvider" name="data" time="0.002"/>
</testsuite> <!-- Default test -->
