<?xml version="1.0" encoding="UTF-8"?>
<!-- Generated by org.testng.reporters.JUnitXMLReporter -->
<testsuite ignored="0" hostname="DESKTOP-7R54CV9" failures="1" tests="11" name="Test" time="0.282" errors="0" timestamp="2023-07-17T10:36:54 IST">
  <testcase classname="Basic.HardAssert" name="m1" time="0.016"/>
  <testcase classname="Basic.HardAssert" name="m2" time="0.003">
    <failure type="java.lang.AssertionError" message="expected [Megha] but found [Ashwini]">
      <![CDATA[java.lang.AssertionError: expected [Megha] but found [Ashwini]
at Basic.HardAssert.m2(HardAssert.java:21)
at java.base/java.util.ArrayList.forEach(ArrayList.java:1511)
... Removed 33 stack frames]]>
    </failure>
  </testcase> <!-- m2 -->
  <testcase classname="testNg.TestNgPracticeTest" name="modifyUser" time="0.004"/>
  <testcase classname="testNg.TestNgPracticeTest" name="deleteUser" time="0.004"/>
  <testcase classname="testNg.TestNgPracticeTest" name="createUser" time="0.009"/>
  <testcase classname="testNg.TestNgPracticeTest" name="createUser" time="0.006"/>
  <testcase classname="testNg.TestNgPractice" name="siple" time="0.005"/>
  <testcase classname="testNg.DtaProvider" name="data" time="0.003"/>
  <testcase classname="testNg.DtaProvider" name="data" time="0.021"/>
  <testcase classname="testNg.DtaProvider" name="data" time="0.011"/>
  <testcase classname="Basic.SoftAsseart" name="m1" time="0.029"/>
</testsuite> <!-- Test -->
